16:45:05.912 [main] INFO  binar.box.BinarBoxApplication - Starting BinarBoxApplication on Diangos with PID 17864 (D:\Servici\BinarBox\binarbox\build\classes\java\main started by Tudor in D:\Servici\BinarBox\binarbox) 
16:45:05.915 [main] INFO  binar.box.BinarBoxApplication - The following profiles are active: dev 
16:45:05.964 [main] INFO  o.s.b.w.s.c.AnnotationConfigServletWebServerApplicationContext - Refreshing org.springframework.boot.web.servlet.context.AnnotationConfigServletWebServerApplicationContext@72458efc: startup date [Sun May 13 16:45:05 UTC 2018]; root of context hierarchy 
16:45:07.283 [main] INFO  o.s.b.f.a.AutowiredAnnotationBeanPostProcessor - JSR-330 'javax.inject.Inject' annotation found and supported for autowiring 
16:45:07.412 [main] INFO  o.s.c.s.PostProcessorRegistrationDelegate$BeanPostProcessorChecker - Bean 'org.springframework.transaction.annotation.ProxyTransactionManagementConfiguration' of type [org.springframework.transaction.annotation.ProxyTransactionManagementConfiguration$$EnhancerBySpringCGLIB$$70987d79] is not eligible for getting processed by all BeanPostProcessors (for example: not eligible for auto-proxying) 
16:45:07.453 [main] INFO  o.s.c.s.PostProcessorRegistrationDelegate$BeanPostProcessorChecker - Bean 'org.springframework.security.config.annotation.configuration.ObjectPostProcessorConfiguration' of type [org.springframework.security.config.annotation.configuration.ObjectPostProcessorConfiguration$$EnhancerBySpringCGLIB$$94645b3] is not eligible for getting processed by all BeanPostProcessors (for example: not eligible for auto-proxying) 
16:45:07.463 [main] INFO  o.s.c.s.PostProcessorRegistrationDelegate$BeanPostProcessorChecker - Bean 'objectPostProcessor' of type [org.springframework.security.config.annotation.configuration.AutowireBeanFactoryObjectPostProcessor] is not eligible for getting processed by all BeanPostProcessors (for example: not eligible for auto-proxying) 
16:45:07.465 [main] INFO  o.s.c.s.PostProcessorRegistrationDelegate$BeanPostProcessorChecker - Bean 'org.springframework.security.access.expression.method.DefaultMethodSecurityExpressionHandler@34c76167' of type [org.springframework.security.access.expression.method.DefaultMethodSecurityExpressionHandler] is not eligible for getting processed by all BeanPostProcessors (for example: not eligible for auto-proxying) 
16:45:07.473 [main] INFO  o.s.c.s.PostProcessorRegistrationDelegate$BeanPostProcessorChecker - Bean 'org.springframework.security.config.annotation.method.configuration.GlobalMethodSecurityConfiguration' of type [org.springframework.security.config.annotation.method.configuration.GlobalMethodSecurityConfiguration$$EnhancerBySpringCGLIB$$2e1ae865] is not eligible for getting processed by all BeanPostProcessors (for example: not eligible for auto-proxying) 
16:45:07.481 [main] INFO  o.s.c.s.PostProcessorRegistrationDelegate$BeanPostProcessorChecker - Bean 'methodSecurityMetadataSource' of type [org.springframework.security.access.method.DelegatingMethodSecurityMetadataSource] is not eligible for getting processed by all BeanPostProcessors (for example: not eligible for auto-proxying) 
16:45:07.849 [main] INFO  o.s.b.w.e.tomcat.TomcatWebServer - Tomcat initialized with port(s): 6060 (http) 
16:45:07.868 [main] INFO  o.a.coyote.http11.Http11NioProtocol - Initializing ProtocolHandler ["http-nio-6060"] 
16:45:07.883 [main] INFO  o.a.catalina.core.StandardService - Starting service [Tomcat] 
16:45:07.883 [main] INFO  o.a.catalina.core.StandardEngine - Starting Servlet Engine: Apache Tomcat/8.5.29 
16:45:07.894 [localhost-startStop-1] INFO  o.a.c.core.AprLifecycleListener - The APR based Apache Tomcat Native library which allows optimal performance in production environments was not found on the java.library.path: [C:\Program Files\Java\jdk-10.0.1\bin;C:\Windows\Sun\Java\bin;C:\Windows\system32;C:\Windows;C:\Program Files\Cmder\bin;C:\Program Files\Cmder\vendor\conemu-maximus5\ConEmu\Scripts;C:\Program Files\Cmder\vendor\conemu-maximus5;C:\Program Files\Cmder\vendor\conemu-maximus5\ConEmu;C:\Program Files (x86)\Common Files\Oracle\Java\javapath;C:\Program Files (x86)\Common Files\Intel\Shared Files\cpp\bin\Intel64;C:\Program Files (x86)\Intel\iCLS Client\;C:\Program Files\Intel\iCLS Client\;C:\ProgramData\Oracle\Java\javapath;C:\Windows\system32;C:\Windows;C:\Windows\System32\Wbem;C:\Windows\System32\WindowsPowerShell\v1.0\;C:\Program Files\PuTTY\;C:\Program Files (x86)\Skype\Phone\;C:\Program Files (x86)\NVIDIA Corporation\PhysX\Common;C:\Program Files (x86)\Intel\Intel(R) Management Engine Components\DAL;C:\Program Files\Intel\Intel(R) Management Engine Components\DAL;C:\Program Files (x86)\Intel\Intel(R) Management Engine Components\IPT;C:\Program Files\Intel\Intel(R) Management Engine Components\IPT;C:\Program Files\Git\cmd;C:\Program Files\nodejs\;C:\Program Files (x86)\Gradle\bin;C:\Program Files\Java\jdk1.8.0_162\bin;C:\Users\Tudor\AppData\Local\Microsoft\WindowsApps;C:\Users\Tudor\AppData\Roaming\npm;;C:\Program Files\Git\usr\bin;C:\Program Files\Git\usr\share\vim\vim74;C:\Program Files\Cmder\;.] 
16:45:08.050 [localhost-startStop-1] INFO  o.a.c.c.C.[Tomcat].[localhost].[/] - Initializing Spring embedded WebApplicationContext 
16:45:08.051 [localhost-startStop-1] INFO  o.s.web.context.ContextLoader - Root WebApplicationContext: initialization completed in 2087 ms 
16:45:08.234 [localhost-startStop-1] INFO  o.s.b.w.s.FilterRegistrationBean - Mapping filter: 'characterEncodingFilter' to: [/*] 
16:45:08.235 [localhost-startStop-1] INFO  o.s.b.w.s.FilterRegistrationBean - Mapping filter: 'hiddenHttpMethodFilter' to: [/*] 
16:45:08.235 [localhost-startStop-1] INFO  o.s.b.w.s.FilterRegistrationBean - Mapping filter: 'httpPutFormContentFilter' to: [/*] 
16:45:08.235 [localhost-startStop-1] INFO  o.s.b.w.s.FilterRegistrationBean - Mapping filter: 'requestContextFilter' to: [/*] 
16:45:08.236 [localhost-startStop-1] INFO  o.s.b.w.s.DelegatingFilterProxyRegistrationBean - Mapping filter: 'springSecurityFilterChain' to: [/*] 
16:45:08.236 [localhost-startStop-1] INFO  o.s.b.w.s.FilterRegistrationBean - Mapping filter: 'corsFilter' to: [/*] 
16:45:08.236 [localhost-startStop-1] INFO  o.s.b.w.s.ServletRegistrationBean - Servlet dispatcherServlet mapped to [/] 
16:45:08.531 [main] INFO  com.zaxxer.hikari.HikariDataSource - HikariPool-1 - Starting... 
16:45:08.614 [main] INFO  com.zaxxer.hikari.HikariDataSource - HikariPool-1 - Start completed. 
16:45:08.729 [main] INFO  liquibase - Successfully acquired change log lock 
16:45:09.523 [main] INFO  liquibase - Reading from lb.DATABASECHANGELOG 
16:45:09.546 [main] INFO  liquibase - Successfully released change log lock 
16:45:09.662 [main] INFO  o.s.o.j.LocalContainerEntityManagerFactoryBean - Building JPA container EntityManagerFactory for persistence unit 'default' 
16:45:09.681 [main] INFO  o.h.jpa.internal.util.LogHelper - HHH000204: Processing PersistenceUnitInfo [
	name: default
	...] 
16:45:09.763 [main] INFO  org.hibernate.Version - HHH000412: Hibernate Core {5.2.16.Final} 
16:45:09.764 [main] INFO  org.hibernate.cfg.Environment - HHH000206: hibernate.properties not found 
16:45:09.803 [main] INFO  o.h.annotations.common.Version - HCANN000001: Hibernate Commons Annotations {5.0.1.Final} 
16:45:09.969 [main] INFO  org.hibernate.dialect.Dialect - HHH000400: Using dialect: org.hibernate.dialect.MariaDB53Dialect 
16:45:10.593 [main] INFO  o.s.o.j.LocalContainerEntityManagerFactoryBean - Initialized JPA EntityManagerFactory for persistence unit 'default' 
16:45:11.594 [main] WARN  o.s.b.a.o.j.JpaBaseConfiguration$JpaWebConfiguration$JpaWebMvcConfiguration - spring.jpa.open-in-view is enabled by default. Therefore, database queries may be performed during view rendering. Explicitly configure spring.jpa.open-in-view to disable this warning 
16:45:11.655 [main] INFO  o.s.w.s.m.m.a.RequestMappingHandlerMapping - Mapped "{[/api/v0/authentication/register],methods=[POST]}" onto private binar.box.dto.TokenDto binar.box.rest.AuthenticationController.register(binar.box.dto.UserDto,org.springframework.validation.BindingResult) 
16:45:11.656 [main] INFO  o.s.w.s.m.m.a.RequestMappingHandlerMapping - Mapped "{[/api/v0/authentication/renew],methods=[POST]}" onto private binar.box.dto.TokenDto binar.box.rest.AuthenticationController.renewToken() 
16:45:11.657 [main] INFO  o.s.w.s.m.m.a.RequestMappingHandlerMapping - Mapped "{[/api/v0/authentication/login/facebook],methods=[POST]}" onto private binar.box.dto.TokenDto binar.box.rest.AuthenticationController.facebookLogin(binar.box.dto.FacebookTokenDto,org.springframework.validation.BindingResult) 
16:45:11.657 [main] INFO  o.s.w.s.m.m.a.RequestMappingHandlerMapping - Mapped "{[/api/v0/authentication/login],methods=[POST]}" onto private binar.box.dto.TokenDto binar.box.rest.AuthenticationController.login(binar.box.dto.UserLoginDto,org.springframework.validation.BindingResult,boolean) 
16:45:11.660 [main] INFO  o.s.w.s.m.m.a.RequestMappingHandlerMapping - Mapped "{[/api/v0/file/download],methods=[GET],produces=[application/octet-stream]}" onto private org.springframework.http.ResponseEntity<org.springframework.core.io.InputStreamResource> binar.box.rest.FileController.downloadFile(long) 
16:45:11.664 [main] INFO  o.s.w.s.m.m.a.RequestMappingHandlerMapping - Mapped "{[/api/v0/lock/type],methods=[GET]}" onto private java.util.List<binar.box.dto.LockTypeDtoResponse> binar.box.rest.LockController.getLockTypes() 
16:45:11.664 [main] INFO  o.s.w.s.m.m.a.RequestMappingHandlerMapping - Mapped "{[/api/v0/lock/section],methods=[GET]}" onto private java.util.List<binar.box.domain.LockSection> binar.box.rest.LockController.lockSections() 
16:45:11.664 [main] INFO  o.s.w.s.m.m.a.RequestMappingHandlerMapping - Mapped "{[/api/v0/lock/type],methods=[POST],consumes=[application/json]}" onto private binar.box.dto.LockTypeDtoResponse binar.box.rest.LockController.addLockType(binar.box.dto.LockTypeDto,org.springframework.validation.BindingResult) 
16:45:11.664 [main] INFO  o.s.w.s.m.m.a.RequestMappingHandlerMapping - Mapped "{[/api/v0/lock/type/file],methods=[POST],consumes=[multipart/form-data]}" onto private void binar.box.rest.LockController.addLockTypeFiles(org.springframework.web.multipart.MultipartFile[],long) 
16:45:11.665 [main] INFO  o.s.w.s.m.m.a.RequestMappingHandlerMapping - Mapped "{[/api/v0/lock/action],methods=[POST]}" onto private void binar.box.rest.LockController.addLock(binar.box.dto.LockDto,org.springframework.validation.BindingResult) 
16:45:11.665 [main] INFO  o.s.w.s.m.m.a.RequestMappingHandlerMapping - Mapped "{[/api/v0/lock/action],methods=[DELETE]}" onto private void binar.box.rest.LockController.removeALock(long) 
16:45:11.665 [main] INFO  o.s.w.s.m.m.a.RequestMappingHandlerMapping - Mapped "{[/api/v0/lock/action],methods=[GET]}" onto private java.util.List<binar.box.dto.LockResponseDto> binar.box.rest.LockController.getLocks() 
16:45:11.666 [main] INFO  o.s.w.s.m.m.a.RequestMappingHandlerMapping - Mapped "{[/api/v0/user/reset/password],methods=[POST]}" onto private void binar.box.rest.UserController.resetPassword(java.lang.String,binar.box.dto.ResetPasswordDto,org.springframework.validation.BindingResult) 
16:45:11.667 [main] INFO  o.s.w.s.m.m.a.RequestMappingHandlerMapping - Mapped "{[/api/v0/user/email/confirm],methods=[POST]}" onto private void binar.box.rest.UserController.confirmEmail(java.lang.String) 
16:45:11.667 [main] INFO  o.s.w.s.m.m.a.RequestMappingHandlerMapping - Mapped "{[/api/v0/user/request/reset/password],methods=[POST]}" onto private void binar.box.rest.UserController.requestResetPassword(java.lang.String) 
16:45:11.670 [main] INFO  o.s.w.s.m.m.a.RequestMappingHandlerMapping - Mapped "{[/swagger-resources/configuration/security]}" onto public org.springframework.http.ResponseEntity<springfox.documentation.swagger.web.SecurityConfiguration> springfox.documentation.swagger.web.ApiResourceController.securityConfiguration() 
16:45:11.670 [main] INFO  o.s.w.s.m.m.a.RequestMappingHandlerMapping - Mapped "{[/swagger-resources]}" onto public org.springframework.http.ResponseEntity<java.util.List<springfox.documentation.swagger.web.SwaggerResource>> springfox.documentation.swagger.web.ApiResourceController.swaggerResources() 
16:45:11.671 [main] INFO  o.s.w.s.m.m.a.RequestMappingHandlerMapping - Mapped "{[/swagger-resources/configuration/ui]}" onto public org.springframework.http.ResponseEntity<springfox.documentation.swagger.web.UiConfiguration> springfox.documentation.swagger.web.ApiResourceController.uiConfiguration() 
16:45:11.675 [main] INFO  o.s.w.s.m.m.a.RequestMappingHandlerMapping - Mapped "{[/error]}" onto public org.springframework.http.ResponseEntity<java.util.Map<java.lang.String, java.lang.Object>> org.springframework.boot.autoconfigure.web.servlet.error.BasicErrorController.error(javax.servlet.http.HttpServletRequest) 
16:45:11.676 [main] INFO  o.s.w.s.m.m.a.RequestMappingHandlerMapping - Mapped "{[/error],produces=[text/html]}" onto public org.springframework.web.servlet.ModelAndView org.springframework.boot.autoconfigure.web.servlet.error.BasicErrorController.errorHtml(javax.servlet.http.HttpServletRequest,javax.servlet.http.HttpServletResponse) 
16:45:11.865 [main] INFO  s.d.s.w.PropertySourcedRequestMappingHandlerMapping - Mapped URL path [/v2/api-docs] onto method [public org.springframework.http.ResponseEntity<springfox.documentation.spring.web.json.Json> springfox.documentation.swagger2.web.Swagger2Controller.getDocumentation(java.lang.String,javax.servlet.http.HttpServletRequest)] 
16:45:11.995 [main] INFO  o.s.b.a.s.s.UserDetailsServiceAutoConfiguration - 

Using generated security password: 93ee93b8-3ff0-4a64-804f-4e1150cd5bcf
 
16:45:12.066 [main] INFO  o.s.s.w.DefaultSecurityFilterChain - Creating filter chain: Ant [pattern='/**', OPTIONS], [] 
16:45:12.066 [main] INFO  o.s.s.w.DefaultSecurityFilterChain - Creating filter chain: Ant [pattern='/swagger-resources/**'], [] 
16:45:12.066 [main] INFO  o.s.s.w.DefaultSecurityFilterChain - Creating filter chain: Ant [pattern='/v2/api-docs'], [] 
16:45:12.066 [main] INFO  o.s.s.w.DefaultSecurityFilterChain - Creating filter chain: Ant [pattern='/swagger-ui.html'], [] 
16:45:12.066 [main] INFO  o.s.s.w.DefaultSecurityFilterChain - Creating filter chain: Ant [pattern='/webjars/**'], [] 
16:45:12.066 [main] INFO  o.s.s.w.DefaultSecurityFilterChain - Creating filter chain: Ant [pattern='/api/v0/authentication/register', POST], [] 
16:45:12.066 [main] INFO  o.s.s.w.DefaultSecurityFilterChain - Creating filter chain: Ant [pattern='/api/v0/authentication/login', POST], [] 
16:45:12.066 [main] INFO  o.s.s.w.DefaultSecurityFilterChain - Creating filter chain: Ant [pattern='/api/v0/authentication/login/facebook', POST], [] 
16:45:12.066 [main] INFO  o.s.s.w.DefaultSecurityFilterChain - Creating filter chain: Ant [pattern='/api/v0/user/request/reset/password', POST], [] 
16:45:12.067 [main] INFO  o.s.s.w.DefaultSecurityFilterChain - Creating filter chain: Ant [pattern='/api/v0/user/reset/password', POST], [] 
16:45:12.067 [main] INFO  o.s.s.w.DefaultSecurityFilterChain - Creating filter chain: Ant [pattern='/api/v0/user/email/confirm', POST], [] 
16:45:12.137 [main] INFO  o.s.s.w.DefaultSecurityFilterChain - Creating filter chain: org.springframework.security.web.util.matcher.AnyRequestMatcher@1, [org.springframework.security.web.context.request.async.WebAsyncManagerIntegrationFilter@3446ab40, org.springframework.security.web.context.SecurityContextPersistenceFilter@7e93e396, org.springframework.security.web.header.HeaderWriterFilter@5207747c, org.springframework.security.web.authentication.logout.LogoutFilter@6461c673, binar.box.security.TokenAuthenticationFilter@500d4de8, org.springframework.security.web.servletapi.SecurityContextHolderAwareRequestFilter@20ed6de, org.springframework.security.web.session.SessionManagementFilter@61f18997, org.springframework.security.web.access.ExceptionTranslationFilter@c53c04e, org.springframework.security.web.access.intercept.FilterSecurityInterceptor@64a74723] 
16:45:12.140 [main] WARN  o.s.s.c.a.web.builders.WebSecurity - 

********************************************************************
**********        Security debugging is enabled.       *************
**********    This may include sensitive information.  *************
**********      Do not use in a production system!     *************
********************************************************************

 
16:45:12.241 [main] INFO  o.s.w.s.h.SimpleUrlHandlerMapping - Mapped URL path [/**/favicon.ico] onto handler of type [class org.springframework.web.servlet.resource.ResourceHttpRequestHandler] 
16:45:12.444 [main] INFO  o.s.w.s.m.m.a.RequestMappingHandlerAdapter - Looking for @ControllerAdvice: org.springframework.boot.web.servlet.context.AnnotationConfigServletWebServerApplicationContext@72458efc: startup date [Sun May 13 16:45:05 UTC 2018]; root of context hierarchy 
16:45:12.507 [main] INFO  o.s.w.s.h.SimpleUrlHandlerMapping - Mapped URL path [/webjars/**] onto handler of type [class org.springframework.web.servlet.resource.ResourceHttpRequestHandler] 
16:45:12.507 [main] INFO  o.s.w.s.h.SimpleUrlHandlerMapping - Mapped URL path [/**] onto handler of type [class org.springframework.web.servlet.resource.ResourceHttpRequestHandler] 
16:45:12.735 [main] INFO  o.s.j.e.a.AnnotationMBeanExporter - Registering beans for JMX exposure on startup 
16:45:12.736 [main] INFO  o.s.j.e.a.AnnotationMBeanExporter - Bean with name 'dataSource' has been autodetected for JMX exposure 
16:45:12.744 [main] INFO  o.s.j.e.a.AnnotationMBeanExporter - Located MBean 'dataSource': registering with JMX server as MBean [com.zaxxer.hikari:name=dataSource,type=HikariDataSource] 
16:45:12.750 [main] INFO  o.s.c.s.DefaultLifecycleProcessor - Starting beans in phase 2147483647 
16:45:12.750 [main] INFO  s.d.s.w.p.DocumentationPluginsBootstrapper - Context refreshed 
16:45:12.775 [main] INFO  s.d.s.w.p.DocumentationPluginsBootstrapper - Found 1 custom documentation plugin(s) 
16:45:12.801 [main] INFO  s.d.s.w.s.ApiListingReferenceScanner - Scanning for api listing references 
16:45:12.970 [main] INFO  o.a.coyote.http11.Http11NioProtocol - Starting ProtocolHandler ["http-nio-6060"] 
16:45:12.980 [main] INFO  o.a.tomcat.util.net.NioSelectorPool - Using a shared selector for servlet write/read 
16:45:12.994 [main] INFO  o.s.b.w.e.tomcat.TomcatWebServer - Tomcat started on port(s): 6060 (http) with context path '' 
16:45:12.999 [main] INFO  binar.box.BinarBoxApplication - Started BinarBoxApplication in 7.817 seconds (JVM running for 8.461) 
16:48:18.476 [http-nio-6060-exec-1] INFO  o.a.c.c.C.[Tomcat].[localhost].[/] - Initializing Spring FrameworkServlet 'dispatcherServlet' 
16:48:18.477 [http-nio-6060-exec-1] INFO  o.s.web.servlet.DispatcherServlet - FrameworkServlet 'dispatcherServlet': initialization started 
16:48:18.500 [http-nio-6060-exec-1] INFO  o.s.web.servlet.DispatcherServlet - FrameworkServlet 'dispatcherServlet': initialization completed in 23 ms 
16:48:18.510 [http-nio-6060-exec-1] INFO  Spring Security Debugger - 

************************************************************

Request received for GET '/swagger-ui.html':

org.apache.catalina.connector.RequestFacade@41d09ee1

servletPath:/swagger-ui.html
pathInfo:null
headers: 
host: localhost:6060
connection: keep-alive
upgrade-insecure-requests: 1
user-agent: Mozilla/5.0 (Windows NT 10.0; Win64; x64) AppleWebKit/537.36 (KHTML, like Gecko) Chrome/66.0.3359.139 Safari/537.36
accept: text/html,application/xhtml+xml,application/xml;q=0.9,image/webp,image/apng,*/*;q=0.8
accept-encoding: gzip, deflate, br
accept-language: en,en-US;q=0.9,ro-RO;q=0.8,ro;q=0.7,en-GB;q=0.6
dnt: 1


Security filter chain: [] empty (bypassed by security='none') 


************************************************************

 
16:48:18.717 [http-nio-6060-exec-3] INFO  Spring Security Debugger - 

************************************************************

Request received for GET '/webjars/springfox-swagger-ui/springfox.css?v=2.8.0-SNAPSHOT':

org.apache.catalina.connector.RequestFacade@41d09ee1

servletPath:/webjars/springfox-swagger-ui/springfox.css
pathInfo:null
headers: 
host: localhost:6060
connection: keep-alive
user-agent: Mozilla/5.0 (Windows NT 10.0; Win64; x64) AppleWebKit/537.36 (KHTML, like Gecko) Chrome/66.0.3359.139 Safari/537.36
accept: text/css,*/*;q=0.1
referer: http://localhost:6060/swagger-ui.html
accept-encoding: gzip, deflate, br
accept-language: en,en-US;q=0.9,ro-RO;q=0.8,ro;q=0.7,en-GB;q=0.6
dnt: 1


Security filter chain: [] empty (bypassed by security='none') 


************************************************************

 
16:48:18.726 [http-nio-6060-exec-2] INFO  Spring Security Debugger - 

************************************************************

Request received for GET '/webjars/springfox-swagger-ui/swagger-ui-standalone-preset.js?v=2.8.0-SNAPSHOT':

org.apache.catalina.connector.RequestFacade@7f2095

servletPath:/webjars/springfox-swagger-ui/swagger-ui-standalone-preset.js
pathInfo:null
headers: 
host: localhost:6060
connection: keep-alive
user-agent: Mozilla/5.0 (Windows NT 10.0; Win64; x64) AppleWebKit/537.36 (KHTML, like Gecko) Chrome/66.0.3359.139 Safari/537.36
accept: */*
referer: http://localhost:6060/swagger-ui.html
accept-encoding: gzip, deflate, br
accept-language: en,en-US;q=0.9,ro-RO;q=0.8,ro;q=0.7,en-GB;q=0.6
dnt: 1


Security filter chain: [] empty (bypassed by security='none') 


************************************************************

 
16:48:18.726 [http-nio-6060-exec-4] INFO  Spring Security Debugger - 

************************************************************

Request received for GET '/webjars/springfox-swagger-ui/swagger-ui-bundle.js?v=2.8.0-SNAPSHOT':

org.apache.catalina.connector.RequestFacade@42f78c6e

servletPath:/webjars/springfox-swagger-ui/swagger-ui-bundle.js
pathInfo:null
headers: 
host: localhost:6060
connection: keep-alive
user-agent: Mozilla/5.0 (Windows NT 10.0; Win64; x64) AppleWebKit/537.36 (KHTML, like Gecko) Chrome/66.0.3359.139 Safari/537.36
accept: */*
referer: http://localhost:6060/swagger-ui.html
accept-encoding: gzip, deflate, br
accept-language: en,en-US;q=0.9,ro-RO;q=0.8,ro;q=0.7,en-GB;q=0.6
dnt: 1


Security filter chain: [] empty (bypassed by security='none') 


************************************************************

 
16:48:18.732 [http-nio-6060-exec-5] INFO  Spring Security Debugger - 

************************************************************

Request received for GET '/webjars/springfox-swagger-ui/swagger-ui.css?v=2.8.0-SNAPSHOT':

org.apache.catalina.connector.RequestFacade@30616038

servletPath:/webjars/springfox-swagger-ui/swagger-ui.css
pathInfo:null
headers: 
host: localhost:6060
connection: keep-alive
user-agent: Mozilla/5.0 (Windows NT 10.0; Win64; x64) AppleWebKit/537.36 (KHTML, like Gecko) Chrome/66.0.3359.139 Safari/537.36
accept: text/css,*/*;q=0.1
referer: http://localhost:6060/swagger-ui.html
accept-encoding: gzip, deflate, br
accept-language: en,en-US;q=0.9,ro-RO;q=0.8,ro;q=0.7,en-GB;q=0.6
dnt: 1


Security filter chain: [] empty (bypassed by security='none') 


************************************************************

 
16:48:18.740 [http-nio-6060-exec-7] INFO  Spring Security Debugger - 

************************************************************

Request received for GET '/webjars/springfox-swagger-ui/springfox.js?v=2.8.0-SNAPSHOT':

org.apache.catalina.connector.RequestFacade@5ad2c005

servletPath:/webjars/springfox-swagger-ui/springfox.js
pathInfo:null
headers: 
host: localhost:6060
connection: keep-alive
user-agent: Mozilla/5.0 (Windows NT 10.0; Win64; x64) AppleWebKit/537.36 (KHTML, like Gecko) Chrome/66.0.3359.139 Safari/537.36
accept: */*
referer: http://localhost:6060/swagger-ui.html
accept-encoding: gzip, deflate, br
accept-language: en,en-US;q=0.9,ro-RO;q=0.8,ro;q=0.7,en-GB;q=0.6
dnt: 1


Security filter chain: [] empty (bypassed by security='none') 


************************************************************

 
16:48:20.314 [http-nio-6060-exec-8] INFO  Spring Security Debugger - 

************************************************************

Request received for GET '/swagger-resources/configuration/ui':

org.apache.catalina.connector.RequestFacade@42f78c6e

servletPath:/swagger-resources/configuration/ui
pathInfo:null
headers: 
host: localhost:6060
connection: keep-alive
user-agent: Mozilla/5.0 (Windows NT 10.0; Win64; x64) AppleWebKit/537.36 (KHTML, like Gecko) Chrome/66.0.3359.139 Safari/537.36
accept: */*
referer: http://localhost:6060/swagger-ui.html
accept-encoding: gzip, deflate, br
accept-language: en,en-US;q=0.9,ro-RO;q=0.8,ro;q=0.7,en-GB;q=0.6
dnt: 1


Security filter chain: [] empty (bypassed by security='none') 


************************************************************

 
16:48:20.344 [http-nio-6060-exec-6] INFO  Spring Security Debugger - 

************************************************************

Request received for GET '/webjars/springfox-swagger-ui/favicon-32x32.png?v=2.8.0-SNAPSHOT':

org.apache.catalina.connector.RequestFacade@7f2095

servletPath:/webjars/springfox-swagger-ui/favicon-32x32.png
pathInfo:null
headers: 
host: localhost:6060
connection: keep-alive
user-agent: Mozilla/5.0 (Windows NT 10.0; Win64; x64) AppleWebKit/537.36 (KHTML, like Gecko) Chrome/66.0.3359.139 Safari/537.36
accept: image/webp,image/apng,image/*,*/*;q=0.8
referer: http://localhost:6060/swagger-ui.html
accept-encoding: gzip, deflate, br
accept-language: en,en-US;q=0.9,ro-RO;q=0.8,ro;q=0.7,en-GB;q=0.6
dnt: 1


Security filter chain: [] empty (bypassed by security='none') 


************************************************************

 
16:48:20.368 [http-nio-6060-exec-9] INFO  Spring Security Debugger - 

************************************************************

Request received for GET '/webjars/springfox-swagger-ui/favicon-16x16.png?v=2.8.0-SNAPSHOT':

org.apache.catalina.connector.RequestFacade@7f2095

servletPath:/webjars/springfox-swagger-ui/favicon-16x16.png
pathInfo:null
headers: 
host: localhost:6060
connection: keep-alive
user-agent: Mozilla/5.0 (Windows NT 10.0; Win64; x64) AppleWebKit/537.36 (KHTML, like Gecko) Chrome/66.0.3359.139 Safari/537.36
accept: image/webp,image/apng,image/*,*/*;q=0.8
referer: http://localhost:6060/swagger-ui.html
accept-encoding: gzip, deflate, br
accept-language: en,en-US;q=0.9,ro-RO;q=0.8,ro;q=0.7,en-GB;q=0.6
dnt: 1


Security filter chain: [] empty (bypassed by security='none') 


************************************************************

 
16:48:20.416 [http-nio-6060-exec-10] INFO  Spring Security Debugger - 

************************************************************

Request received for GET '/swagger-resources/configuration/security':

org.apache.catalina.connector.RequestFacade@42f78c6e

servletPath:/swagger-resources/configuration/security
pathInfo:null
headers: 
host: localhost:6060
connection: keep-alive
user-agent: Mozilla/5.0 (Windows NT 10.0; Win64; x64) AppleWebKit/537.36 (KHTML, like Gecko) Chrome/66.0.3359.139 Safari/537.36
accept: */*
referer: http://localhost:6060/swagger-ui.html
accept-encoding: gzip, deflate, br
accept-language: en,en-US;q=0.9,ro-RO;q=0.8,ro;q=0.7,en-GB;q=0.6
dnt: 1


Security filter chain: [] empty (bypassed by security='none') 


************************************************************

 
16:48:20.434 [http-nio-6060-exec-1] INFO  Spring Security Debugger - 

************************************************************

Request received for GET '/swagger-resources':

org.apache.catalina.connector.RequestFacade@42f78c6e

servletPath:/swagger-resources
pathInfo:null
headers: 
host: localhost:6060
connection: keep-alive
user-agent: Mozilla/5.0 (Windows NT 10.0; Win64; x64) AppleWebKit/537.36 (KHTML, like Gecko) Chrome/66.0.3359.139 Safari/537.36
accept: */*
referer: http://localhost:6060/swagger-ui.html
accept-encoding: gzip, deflate, br
accept-language: en,en-US;q=0.9,ro-RO;q=0.8,ro;q=0.7,en-GB;q=0.6
dnt: 1


Security filter chain: [] empty (bypassed by security='none') 


************************************************************

 
16:48:20.496 [http-nio-6060-exec-3] INFO  Spring Security Debugger - 

************************************************************

Request received for GET '/v2/api-docs':

org.apache.catalina.connector.RequestFacade@42f78c6e

servletPath:/v2/api-docs
pathInfo:null
headers: 
host: localhost:6060
connection: keep-alive
accept: application/json,*/*
user-agent: Mozilla/5.0 (Windows NT 10.0; Win64; x64) AppleWebKit/537.36 (KHTML, like Gecko) Chrome/66.0.3359.139 Safari/537.36
referer: http://localhost:6060/swagger-ui.html
accept-encoding: gzip, deflate, br
accept-language: en,en-US;q=0.9,ro-RO;q=0.8,ro;q=0.7,en-GB;q=0.6
dnt: 1


Security filter chain: [] empty (bypassed by security='none') 


************************************************************

 
16:48:20.673 [http-nio-6060-exec-5] INFO  Spring Security Debugger - 

************************************************************

Request received for GET '/webjars/springfox-swagger-ui/fonts/titillium-web-v6-latin-700.woff2':

org.apache.catalina.connector.RequestFacade@42f78c6e

servletPath:/webjars/springfox-swagger-ui/fonts/titillium-web-v6-latin-700.woff2
pathInfo:null
headers: 
host: localhost:6060
connection: keep-alive
origin: http://localhost:6060
user-agent: Mozilla/5.0 (Windows NT 10.0; Win64; x64) AppleWebKit/537.36 (KHTML, like Gecko) Chrome/66.0.3359.139 Safari/537.36
accept: */*
referer: http://localhost:6060/webjars/springfox-swagger-ui/springfox.css?v=2.8.0-SNAPSHOT
accept-encoding: gzip, deflate, br
accept-language: en,en-US;q=0.9,ro-RO;q=0.8,ro;q=0.7,en-GB;q=0.6
dnt: 1


Security filter chain: [] empty (bypassed by security='none') 


************************************************************

 
16:48:20.693 [http-nio-6060-exec-7] INFO  Spring Security Debugger - 

************************************************************

Request received for GET '/webjars/springfox-swagger-ui/fonts/open-sans-v15-latin-regular.woff2':

org.apache.catalina.connector.RequestFacade@42f78c6e

servletPath:/webjars/springfox-swagger-ui/fonts/open-sans-v15-latin-regular.woff2
pathInfo:null
headers: 
host: localhost:6060
connection: keep-alive
origin: http://localhost:6060
user-agent: Mozilla/5.0 (Windows NT 10.0; Win64; x64) AppleWebKit/537.36 (KHTML, like Gecko) Chrome/66.0.3359.139 Safari/537.36
accept: */*
referer: http://localhost:6060/webjars/springfox-swagger-ui/springfox.css?v=2.8.0-SNAPSHOT
accept-encoding: gzip, deflate, br
accept-language: en,en-US;q=0.9,ro-RO;q=0.8,ro;q=0.7,en-GB;q=0.6
dnt: 1


Security filter chain: [] empty (bypassed by security='none') 


************************************************************

 
16:48:20.909 [http-nio-6060-exec-2] INFO  Spring Security Debugger - 

************************************************************

Request received for GET '/webjars/springfox-swagger-ui/fonts/open-sans-v15-latin-700.woff2':

org.apache.catalina.connector.RequestFacade@42f78c6e

servletPath:/webjars/springfox-swagger-ui/fonts/open-sans-v15-latin-700.woff2
pathInfo:null
headers: 
host: localhost:6060
connection: keep-alive
origin: http://localhost:6060
user-agent: Mozilla/5.0 (Windows NT 10.0; Win64; x64) AppleWebKit/537.36 (KHTML, like Gecko) Chrome/66.0.3359.139 Safari/537.36
accept: */*
referer: http://localhost:6060/webjars/springfox-swagger-ui/springfox.css?v=2.8.0-SNAPSHOT
accept-encoding: gzip, deflate, br
accept-language: en,en-US;q=0.9,ro-RO;q=0.8,ro;q=0.7,en-GB;q=0.6
dnt: 1


Security filter chain: [] empty (bypassed by security='none') 


************************************************************

 
16:48:20.909 [http-nio-6060-exec-4] INFO  Spring Security Debugger - 

************************************************************

Request received for GET '/webjars/springfox-swagger-ui/fonts/source-code-pro-v7-latin-300.woff2':

org.apache.catalina.connector.RequestFacade@7f2095

servletPath:/webjars/springfox-swagger-ui/fonts/source-code-pro-v7-latin-300.woff2
pathInfo:null
headers: 
host: localhost:6060
connection: keep-alive
origin: http://localhost:6060
user-agent: Mozilla/5.0 (Windows NT 10.0; Win64; x64) AppleWebKit/537.36 (KHTML, like Gecko) Chrome/66.0.3359.139 Safari/537.36
accept: */*
referer: http://localhost:6060/webjars/springfox-swagger-ui/springfox.css?v=2.8.0-SNAPSHOT
accept-encoding: gzip, deflate, br
accept-language: en,en-US;q=0.9,ro-RO;q=0.8,ro;q=0.7,en-GB;q=0.6
dnt: 1


Security filter chain: [] empty (bypassed by security='none') 


************************************************************

 
16:48:20.914 [http-nio-6060-exec-9] INFO  Spring Security Debugger - 

************************************************************

Request received for GET '/webjars/springfox-swagger-ui/fonts/titillium-web-v6-latin-regular.woff2':

org.apache.catalina.connector.RequestFacade@5ad2c005

servletPath:/webjars/springfox-swagger-ui/fonts/titillium-web-v6-latin-regular.woff2
pathInfo:null
headers: 
host: localhost:6060
connection: keep-alive
origin: http://localhost:6060
user-agent: Mozilla/5.0 (Windows NT 10.0; Win64; x64) AppleWebKit/537.36 (KHTML, like Gecko) Chrome/66.0.3359.139 Safari/537.36
accept: */*
referer: http://localhost:6060/webjars/springfox-swagger-ui/springfox.css?v=2.8.0-SNAPSHOT
accept-encoding: gzip, deflate, br
accept-language: en,en-US;q=0.9,ro-RO;q=0.8,ro;q=0.7,en-GB;q=0.6
dnt: 1


Security filter chain: [] empty (bypassed by security='none') 


************************************************************

 
16:48:20.914 [http-nio-6060-exec-6] INFO  Spring Security Debugger - 

************************************************************

Request received for GET '/webjars/springfox-swagger-ui/fonts/source-code-pro-v7-latin-600.woff2':

org.apache.catalina.connector.RequestFacade@30616038

servletPath:/webjars/springfox-swagger-ui/fonts/source-code-pro-v7-latin-600.woff2
pathInfo:null
headers: 
host: localhost:6060
connection: keep-alive
origin: http://localhost:6060
user-agent: Mozilla/5.0 (Windows NT 10.0; Win64; x64) AppleWebKit/537.36 (KHTML, like Gecko) Chrome/66.0.3359.139 Safari/537.36
accept: */*
referer: http://localhost:6060/webjars/springfox-swagger-ui/springfox.css?v=2.8.0-SNAPSHOT
accept-encoding: gzip, deflate, br
accept-language: en,en-US;q=0.9,ro-RO;q=0.8,ro;q=0.7,en-GB;q=0.6
dnt: 1


Security filter chain: [] empty (bypassed by security='none') 


************************************************************

 
